{"/home/lap-019/Desktop/foodOrdering-1/expo-env.d.ts": {"path":"/home/lap-019/Desktop/foodOrdering-1/expo-env.d.ts","statementMap":{},"fnMap":{},"branchMap":{},"s":{},"f":{},"b":{}}
,"/home/lap-019/Desktop/foodOrdering-1/.expo/types/router.d.ts": {"path":"/home/lap-019/Desktop/foodOrdering-1/.expo/types/router.d.ts","statementMap":{},"fnMap":{},"branchMap":{},"s":{},"f":{},"b":{}}
,"/home/lap-019/Desktop/foodOrdering-1/app/+html.tsx": {"path":"/home/lap-019/Desktop/foodOrdering-1/app/+html.tsx","statementMap":{"0":{"start":{"line":8,"column":2},"end":{"line":27,"column":4}},"1":{"start":{"line":30,"column":29},"end":{"line":38,"column":2}}},"fnMap":{"0":{"name":"Root","decl":{"start":{"line":7,"column":24},"end":{"line":7,"column":28}},"loc":{"start":{"line":7,"column":74},"end":{"line":28,"column":1}},"line":7}},"branchMap":{},"s":{"0":0,"1":0},"f":{"0":0},"b":{}}
,"/home/lap-019/Desktop/foodOrdering-1/app/+not-found.tsx": {"path":"/home/lap-019/Desktop/foodOrdering-1/app/+not-found.tsx","statementMap":{"0":{"start":{"line":7,"column":2},"end":{"line":18,"column":4}},"1":{"start":{"line":21,"column":15},"end":{"line":40,"column":2}}},"fnMap":{"0":{"name":"NotFoundScreen","decl":{"start":{"line":6,"column":24},"end":{"line":6,"column":38}},"loc":{"start":{"line":6,"column":41},"end":{"line":19,"column":1}},"line":6}},"branchMap":{},"s":{"0":0,"1":0},"f":{"0":0},"b":{}}
,"/home/lap-019/Desktop/foodOrdering-1/app/_layout.tsx": {"path":"/home/lap-019/Desktop/foodOrdering-1/app/_layout.tsx","statementMap":{"0":{"start":{"line":21,"column":33},"end":{"line":24,"column":1}},"1":{"start":{"line":27,"column":0},"end":{"line":27,"column":36}},"2":{"start":{"line":30,"column":26},"end":{"line":33,"column":4}},"3":{"start":{"line":36,"column":2},"end":{"line":38,"column":14}},"4":{"start":{"line":37,"column":4},"end":{"line":37,"column":27}},"5":{"start":{"line":37,"column":15},"end":{"line":37,"column":27}},"6":{"start":{"line":40,"column":2},"end":{"line":44,"column":15}},"7":{"start":{"line":41,"column":4},"end":{"line":43,"column":5}},"8":{"start":{"line":42,"column":6},"end":{"line":42,"column":31}},"9":{"start":{"line":46,"column":2},"end":{"line":48,"column":3}},"10":{"start":{"line":47,"column":4},"end":{"line":47,"column":16}},"11":{"start":{"line":50,"column":2},"end":{"line":50,"column":27}},"12":{"start":{"line":54,"column":22},"end":{"line":54,"column":38}},"13":{"start":{"line":56,"column":2},"end":{"line":63,"column":4}}},"fnMap":{"0":{"name":"RootLayout","decl":{"start":{"line":29,"column":24},"end":{"line":29,"column":34}},"loc":{"start":{"line":29,"column":37},"end":{"line":51,"column":1}},"line":29},"1":{"name":"(anonymous_1)","decl":{"start":{"line":36,"column":12},"end":{"line":36,"column":13}},"loc":{"start":{"line":36,"column":18},"end":{"line":38,"column":3}},"line":36},"2":{"name":"(anonymous_2)","decl":{"start":{"line":40,"column":12},"end":{"line":40,"column":13}},"loc":{"start":{"line":40,"column":18},"end":{"line":44,"column":3}},"line":40},"3":{"name":"RootLayoutNav","decl":{"start":{"line":53,"column":9},"end":{"line":53,"column":22}},"loc":{"start":{"line":53,"column":25},"end":{"line":64,"column":1}},"line":53}},"branchMap":{"0":{"loc":{"start":{"line":37,"column":4},"end":{"line":37,"column":27}},"type":"if","locations":[{"start":{"line":37,"column":4},"end":{"line":37,"column":27}},{"start":{},"end":{}}],"line":37},"1":{"loc":{"start":{"line":41,"column":4},"end":{"line":43,"column":5}},"type":"if","locations":[{"start":{"line":41,"column":4},"end":{"line":43,"column":5}},{"start":{},"end":{}}],"line":41},"2":{"loc":{"start":{"line":46,"column":2},"end":{"line":48,"column":3}},"type":"if","locations":[{"start":{"line":46,"column":2},"end":{"line":48,"column":3}},{"start":{},"end":{}}],"line":46},"3":{"loc":{"start":{"line":57,"column":26},"end":{"line":57,"column":75}},"type":"cond-expr","locations":[{"start":{"line":57,"column":51},"end":{"line":57,"column":60}},{"start":{"line":57,"column":63},"end":{"line":57,"column":75}}],"line":57}},"s":{"0":0,"1":0,"2":0,"3":0,"4":0,"5":0,"6":0,"7":0,"8":0,"9":0,"10":0,"11":0,"12":0,"13":0},"f":{"0":0,"1":0,"2":0,"3":0},"b":{"0":[0,0],"1":[0,0],"2":[0,0],"3":[0,0]}}
,"/home/lap-019/Desktop/foodOrdering-1/app/modal.tsx": {"path":"/home/lap-019/Desktop/foodOrdering-1/app/modal.tsx","statementMap":{"0":{"start":{"line":8,"column":2},"end":{"line":17,"column":4}},"1":{"start":{"line":20,"column":15},"end":{"line":35,"column":2}}},"fnMap":{"0":{"name":"ModalScreen","decl":{"start":{"line":7,"column":24},"end":{"line":7,"column":35}},"loc":{"start":{"line":7,"column":38},"end":{"line":18,"column":1}},"line":7}},"branchMap":{"0":{"loc":{"start":{"line":15,"column":24},"end":{"line":15,"column":64}},"type":"cond-expr","locations":[{"start":{"line":15,"column":48},"end":{"line":15,"column":55}},{"start":{"line":15,"column":58},"end":{"line":15,"column":64}}],"line":15}},"s":{"0":0,"1":0},"f":{"0":0},"b":{"0":[0,0]}}
,"/home/lap-019/Desktop/foodOrdering-1/app/(tabs)/_layout.tsx": {"path":"/home/lap-019/Desktop/foodOrdering-1/app/(tabs)/_layout.tsx","statementMap":{"0":{"start":{"line":15,"column":2},"end":{"line":15,"column":75}},"1":{"start":{"line":19,"column":22},"end":{"line":19,"column":38}},"2":{"start":{"line":21,"column":2},"end":{"line":82,"column":4}},"3":{"start":{"line":34,"column":37},"end":{"line":34,"column":77}},"4":{"start":{"line":36,"column":12},"end":{"line":47,"column":19}},"5":{"start":{"line":39,"column":18},"end":{"line":44,"column":20}},"6":{"start":{"line":55,"column":37},"end":{"line":55,"column":79}},"7":{"start":{"line":63,"column":12},"end":{"line":63,"column":61}},"8":{"start":{"line":71,"column":37},"end":{"line":71,"column":78}},"9":{"start":{"line":78,"column":37},"end":{"line":78,"column":77}}},"fnMap":{"0":{"name":"TabBarIcon","decl":{"start":{"line":11,"column":9},"end":{"line":11,"column":19}},"loc":{"start":{"line":14,"column":3},"end":{"line":16,"column":1}},"line":14},"1":{"name":"TabLayout","decl":{"start":{"line":18,"column":24},"end":{"line":18,"column":33}},"loc":{"start":{"line":18,"column":36},"end":{"line":83,"column":1}},"line":18},"2":{"name":"(anonymous_2)","decl":{"start":{"line":34,"column":22},"end":{"line":34,"column":23}},"loc":{"start":{"line":34,"column":37},"end":{"line":34,"column":77}},"line":34},"3":{"name":"(anonymous_3)","decl":{"start":{"line":35,"column":23},"end":{"line":35,"column":24}},"loc":{"start":{"line":36,"column":12},"end":{"line":47,"column":19}},"line":36},"4":{"name":"(anonymous_4)","decl":{"start":{"line":38,"column":17},"end":{"line":38,"column":18}},"loc":{"start":{"line":39,"column":18},"end":{"line":44,"column":20}},"line":39},"5":{"name":"(anonymous_5)","decl":{"start":{"line":55,"column":22},"end":{"line":55,"column":23}},"loc":{"start":{"line":55,"column":37},"end":{"line":55,"column":79}},"line":55},"6":{"name":"(anonymous_6)","decl":{"start":{"line":62,"column":22},"end":{"line":62,"column":23}},"loc":{"start":{"line":63,"column":12},"end":{"line":63,"column":61}},"line":63},"7":{"name":"(anonymous_7)","decl":{"start":{"line":71,"column":22},"end":{"line":71,"column":23}},"loc":{"start":{"line":71,"column":37},"end":{"line":71,"column":78}},"line":71},"8":{"name":"(anonymous_8)","decl":{"start":{"line":78,"column":22},"end":{"line":78,"column":23}},"loc":{"start":{"line":78,"column":37},"end":{"line":78,"column":77}},"line":78}},"branchMap":{"0":{"loc":{"start":{"line":24,"column":38},"end":{"line":24,"column":60}},"type":"binary-expr","locations":[{"start":{"line":24,"column":38},"end":{"line":24,"column":49}},{"start":{"line":24,"column":53},"end":{"line":24,"column":60}}],"line":24},"1":{"loc":{"start":{"line":42,"column":34},"end":{"line":42,"column":56}},"type":"binary-expr","locations":[{"start":{"line":42,"column":34},"end":{"line":42,"column":45}},{"start":{"line":42,"column":49},"end":{"line":42,"column":56}}],"line":42},"2":{"loc":{"start":{"line":43,"column":55},"end":{"line":43,"column":72}},"type":"cond-expr","locations":[{"start":{"line":43,"column":65},"end":{"line":43,"column":68}},{"start":{"line":43,"column":71},"end":{"line":43,"column":72}}],"line":43}},"s":{"0":0,"1":0,"2":0,"3":0,"4":0,"5":0,"6":0,"7":0,"8":0,"9":0},"f":{"0":0,"1":0,"2":0,"3":0,"4":0,"5":0,"6":0,"7":0,"8":0},"b":{"0":[0,0],"1":[0,0],"2":[0,0]}}
,"/home/lap-019/Desktop/foodOrdering-1/app/(tabs)/cart.tsx": {"path":"/home/lap-019/Desktop/foodOrdering-1/app/(tabs)/cart.tsx","statementMap":{"0":{"start":{"line":6,"column":2},"end":{"line":16,"column":4}},"1":{"start":{"line":19,"column":15},"end":{"line":34,"column":2}}},"fnMap":{"0":{"name":"CartScreen","decl":{"start":{"line":5,"column":24},"end":{"line":5,"column":34}},"loc":{"start":{"line":5,"column":37},"end":{"line":17,"column":1}},"line":5}},"branchMap":{},"s":{"0":0,"1":0},"f":{"0":0},"b":{}}
,"/home/lap-019/Desktop/foodOrdering-1/app/(tabs)/favorites.tsx": {"path":"/home/lap-019/Desktop/foodOrdering-1/app/(tabs)/favorites.tsx","statementMap":{"0":{"start":{"line":6,"column":2},"end":{"line":16,"column":4}},"1":{"start":{"line":19,"column":15},"end":{"line":34,"column":2}}},"fnMap":{"0":{"name":"FavoritesScreen","decl":{"start":{"line":5,"column":24},"end":{"line":5,"column":39}},"loc":{"start":{"line":5,"column":42},"end":{"line":17,"column":1}},"line":5}},"branchMap":{},"s":{"0":0,"1":0},"f":{"0":0},"b":{}}
,"/home/lap-019/Desktop/foodOrdering-1/app/(tabs)/index.tsx": {"path":"/home/lap-019/Desktop/foodOrdering-1/app/(tabs)/index.tsx","statementMap":{"0":{"start":{"line":7,"column":2},"end":{"line":13,"column":4}},"1":{"start":{"line":16,"column":15},"end":{"line":31,"column":2}}},"fnMap":{"0":{"name":"TabOneScreen","decl":{"start":{"line":6,"column":24},"end":{"line":6,"column":36}},"loc":{"start":{"line":6,"column":39},"end":{"line":14,"column":1}},"line":6}},"branchMap":{},"s":{"0":0,"1":0},"f":{"0":0},"b":{}}
,"/home/lap-019/Desktop/foodOrdering-1/app/(tabs)/profile.tsx": {"path":"/home/lap-019/Desktop/foodOrdering-1/app/(tabs)/profile.tsx","statementMap":{"0":{"start":{"line":6,"column":2},"end":{"line":16,"column":4}},"1":{"start":{"line":19,"column":15},"end":{"line":34,"column":2}}},"fnMap":{"0":{"name":"ProfileScreen","decl":{"start":{"line":5,"column":24},"end":{"line":5,"column":37}},"loc":{"start":{"line":5,"column":40},"end":{"line":17,"column":1}},"line":5}},"branchMap":{},"s":{"0":0,"1":0},"f":{"0":0},"b":{}}
,"/home/lap-019/Desktop/foodOrdering-1/app/(tabs)/search.tsx": {"path":"/home/lap-019/Desktop/foodOrdering-1/app/(tabs)/search.tsx","statementMap":{"0":{"start":{"line":6,"column":2},"end":{"line":16,"column":4}},"1":{"start":{"line":19,"column":15},"end":{"line":34,"column":2}}},"fnMap":{"0":{"name":"SearchScreen","decl":{"start":{"line":5,"column":24},"end":{"line":5,"column":36}},"loc":{"start":{"line":5,"column":39},"end":{"line":17,"column":1}},"line":5}},"branchMap":{},"s":{"0":0,"1":0},"f":{"0":0},"b":{}}
,"/home/lap-019/Desktop/foodOrdering-1/app/(tabs)/two.tsx": {"path":"/home/lap-019/Desktop/foodOrdering-1/app/(tabs)/two.tsx","statementMap":{"0":{"start":{"line":7,"column":2},"end":{"line":13,"column":4}},"1":{"start":{"line":16,"column":15},"end":{"line":31,"column":2}}},"fnMap":{"0":{"name":"TabTwoScreen","decl":{"start":{"line":6,"column":24},"end":{"line":6,"column":36}},"loc":{"start":{"line":6,"column":39},"end":{"line":14,"column":1}},"line":6}},"branchMap":{},"s":{"0":0,"1":0},"f":{"0":0},"b":{}}
,"/home/lap-019/Desktop/foodOrdering-1/components/EditScreenInfo.tsx": {"path":"/home/lap-019/Desktop/foodOrdering-1/components/EditScreenInfo.tsx","statementMap":{"0":{"start":{"line":11,"column":2},"end":{"line":46,"column":4}},"1":{"start":{"line":49,"column":15},"end":{"line":77,"column":2}}},"fnMap":{"0":{"name":"EditScreenInfo","decl":{"start":{"line":10,"column":24},"end":{"line":10,"column":38}},"loc":{"start":{"line":10,"column":67},"end":{"line":47,"column":1}},"line":10}},"branchMap":{},"s":{"0":0,"1":0},"f":{"0":0},"b":{}}
,"/home/lap-019/Desktop/foodOrdering-1/components/ExternalLink.tsx": {"path":"/home/lap-019/Desktop/foodOrdering-1/components/ExternalLink.tsx","statementMap":{"0":{"start":{"line":9,"column":2},"end":{"line":24,"column":4}},"1":{"start":{"line":16,"column":8},"end":{"line":21,"column":9}},"2":{"start":{"line":18,"column":10},"end":{"line":18,"column":29}},"3":{"start":{"line":20,"column":10},"end":{"line":20,"column":60}}},"fnMap":{"0":{"name":"ExternalLink","decl":{"start":{"line":6,"column":16},"end":{"line":6,"column":28}},"loc":{"start":{"line":8,"column":2},"end":{"line":25,"column":1}},"line":8},"1":{"name":"(anonymous_1)","decl":{"start":{"line":15,"column":15},"end":{"line":15,"column":16}},"loc":{"start":{"line":15,"column":22},"end":{"line":22,"column":7}},"line":15}},"branchMap":{"0":{"loc":{"start":{"line":16,"column":8},"end":{"line":21,"column":9}},"type":"if","locations":[{"start":{"line":16,"column":8},"end":{"line":21,"column":9}},{"start":{},"end":{}}],"line":16}},"s":{"0":0,"1":0,"2":0,"3":0},"f":{"0":0,"1":0},"b":{"0":[0,0]}}
,"/home/lap-019/Desktop/foodOrdering-1/components/StyledText.tsx": {"path":"/home/lap-019/Desktop/foodOrdering-1/components/StyledText.tsx","statementMap":{"0":{"start":{"line":4,"column":2},"end":{"line":4,"column":80}}},"fnMap":{"0":{"name":"MonoText","decl":{"start":{"line":3,"column":16},"end":{"line":3,"column":24}},"loc":{"start":{"line":3,"column":43},"end":{"line":5,"column":1}},"line":3}},"branchMap":{},"s":{"0":0},"f":{"0":0},"b":{},"_coverageSchema":"1a1c01bbd47fc00a2c39e90264f33305004495a9","hash":"0f54dda10c2b7e54cfd91eac82d599d9fe95f869"}
,"/home/lap-019/Desktop/foodOrdering-1/components/Themed.tsx": {"path":"/home/lap-019/Desktop/foodOrdering-1/components/Themed.tsx","statementMap":{"0":{"start":{"line":23,"column":16},"end":{"line":23,"column":43}},"1":{"start":{"line":24,"column":25},"end":{"line":24,"column":37}},"2":{"start":{"line":26,"column":2},"end":{"line":30,"column":3}},"3":{"start":{"line":27,"column":4},"end":{"line":27,"column":26}},"4":{"start":{"line":29,"column":4},"end":{"line":29,"column":36}},"5":{"start":{"line":34,"column":58},"end":{"line":34,"column":63}},"6":{"start":{"line":35,"column":16},"end":{"line":35,"column":77}},"7":{"start":{"line":37,"column":2},"end":{"line":37,"column":68}},"8":{"start":{"line":41,"column":58},"end":{"line":41,"column":63}},"9":{"start":{"line":42,"column":26},"end":{"line":42,"column":93}},"10":{"start":{"line":44,"column":2},"end":{"line":44,"column":78}}},"fnMap":{"0":{"name":"useThemeColor","decl":{"start":{"line":19,"column":16},"end":{"line":19,"column":29}},"loc":{"start":{"line":22,"column":2},"end":{"line":31,"column":1}},"line":22},"1":{"name":"Text","decl":{"start":{"line":33,"column":16},"end":{"line":33,"column":20}},"loc":{"start":{"line":33,"column":39},"end":{"line":38,"column":1}},"line":33},"2":{"name":"View","decl":{"start":{"line":40,"column":16},"end":{"line":40,"column":20}},"loc":{"start":{"line":40,"column":39},"end":{"line":45,"column":1}},"line":40}},"branchMap":{"0":{"loc":{"start":{"line":23,"column":16},"end":{"line":23,"column":43}},"type":"binary-expr","locations":[{"start":{"line":23,"column":16},"end":{"line":23,"column":32}},{"start":{"line":23,"column":36},"end":{"line":23,"column":43}}],"line":23},"1":{"loc":{"start":{"line":26,"column":2},"end":{"line":30,"column":3}},"type":"if","locations":[{"start":{"line":26,"column":2},"end":{"line":30,"column":3}},{"start":{"line":28,"column":9},"end":{"line":30,"column":3}}],"line":26}},"s":{"0":0,"1":0,"2":0,"3":0,"4":0,"5":0,"6":0,"7":0,"8":0,"9":0,"10":0},"f":{"0":0,"1":0,"2":0},"b":{"0":[0,0],"1":[0,0]},"_coverageSchema":"1a1c01bbd47fc00a2c39e90264f33305004495a9","hash":"38cf87e3fc6e6f81a898684a78039f4d60100399"}
,"/home/lap-019/Desktop/foodOrdering-1/components/useClientOnlyValue.ts": {"path":"/home/lap-019/Desktop/foodOrdering-1/components/useClientOnlyValue.ts","statementMap":{"0":{"start":{"line":3,"column":2},"end":{"line":3,"column":16}}},"fnMap":{"0":{"name":"useClientOnlyValue","decl":{"start":{"line":2,"column":16},"end":{"line":2,"column":34}},"loc":{"start":{"line":2,"column":70},"end":{"line":4,"column":1}},"line":2}},"branchMap":{},"s":{"0":0},"f":{"0":0},"b":{}}
,"/home/lap-019/Desktop/foodOrdering-1/components/useClientOnlyValue.web.ts": {"path":"/home/lap-019/Desktop/foodOrdering-1/components/useClientOnlyValue.web.ts","statementMap":{"0":{"start":{"line":6,"column":28},"end":{"line":6,"column":57}},"1":{"start":{"line":7,"column":2},"end":{"line":9,"column":15}},"2":{"start":{"line":8,"column":4},"end":{"line":8,"column":21}},"3":{"start":{"line":11,"column":2},"end":{"line":11,"column":15}}},"fnMap":{"0":{"name":"useClientOnlyValue","decl":{"start":{"line":5,"column":16},"end":{"line":5,"column":34}},"loc":{"start":{"line":5,"column":70},"end":{"line":12,"column":1}},"line":5},"1":{"name":"(anonymous_1)","decl":{"start":{"line":7,"column":18},"end":{"line":7,"column":19}},"loc":{"start":{"line":7,"column":24},"end":{"line":9,"column":3}},"line":7}},"branchMap":{},"s":{"0":0,"1":0,"2":0,"3":0},"f":{"0":0,"1":0},"b":{}}
,"/home/lap-019/Desktop/foodOrdering-1/components/useColorScheme.ts": {"path":"/home/lap-019/Desktop/foodOrdering-1/components/useColorScheme.ts","statementMap":{},"fnMap":{},"branchMap":{},"s":{},"f":{},"b":{},"_coverageSchema":"1a1c01bbd47fc00a2c39e90264f33305004495a9","hash":"538b1e994041c6ad9e83025f0aa7e39891d30756"}
,"/home/lap-019/Desktop/foodOrdering-1/components/useColorScheme.web.ts": {"path":"/home/lap-019/Desktop/foodOrdering-1/components/useColorScheme.web.ts","statementMap":{"0":{"start":{"line":7,"column":2},"end":{"line":7,"column":17}}},"fnMap":{"0":{"name":"useColorScheme","decl":{"start":{"line":6,"column":16},"end":{"line":6,"column":30}},"loc":{"start":{"line":6,"column":33},"end":{"line":8,"column":1}},"line":6}},"branchMap":{},"s":{"0":0},"f":{"0":0},"b":{}}
,"/home/lap-019/Desktop/foodOrdering-1/constants/Colors.ts": {"path":"/home/lap-019/Desktop/foodOrdering-1/constants/Colors.ts","statementMap":{"0":{"start":{"line":1,"column":23},"end":{"line":1,"column":32}},"1":{"start":{"line":2,"column":22},"end":{"line":2,"column":31}}},"fnMap":{},"branchMap":{},"s":{"0":1,"1":1},"f":{},"b":{},"_coverageSchema":"1a1c01bbd47fc00a2c39e90264f33305004495a9","hash":"675a19c0c90ae00d836e52b2c0f2ca8afbf0e5ff"}
,"/home/lap-019/Desktop/foodOrdering-1/constants/Fonts.ts": {"path":"/home/lap-019/Desktop/foodOrdering-1/constants/Fonts.ts","statementMap":{"0":{"start":{"line":2,"column":21},"end":{"line":119,"column":10}}},"fnMap":{},"branchMap":{},"s":{"0":0},"f":{},"b":{}}
,"/home/lap-019/Desktop/foodOrdering-1/constants/Sizes.ts": {"path":"/home/lap-019/Desktop/foodOrdering-1/constants/Sizes.ts","statementMap":{"0":{"start":{"line":2,"column":21},"end":{"line":153,"column":10}}},"fnMap":{},"branchMap":{},"s":{"0":0},"f":{},"b":{}}
,"/home/lap-019/Desktop/foodOrdering-1/constants/theme.ts": {"path":"/home/lap-019/Desktop/foodOrdering-1/constants/theme.ts","statementMap":{"0":{"start":{"line":7,"column":21},"end":{"line":213,"column":10}},"1":{"start":{"line":218,"column":28},"end":{"line":218,"column":61}},"2":{"start":{"line":221,"column":24},"end":{"line":227,"column":1}},"3":{"start":{"line":222,"column":18},"end":{"line":222,"column":48}},"4":{"start":{"line":223,"column":2},"end":{"line":225,"column":3}},"5":{"start":{"line":224,"column":4},"end":{"line":224,"column":68}},"6":{"start":{"line":226,"column":2},"end":{"line":226,"column":17}}},"fnMap":{"0":{"name":"(anonymous_0)","decl":{"start":{"line":221,"column":24},"end":{"line":221,"column":25}},"loc":{"start":{"line":221,"column":30},"end":{"line":227,"column":1}},"line":221}},"branchMap":{"0":{"loc":{"start":{"line":223,"column":2},"end":{"line":225,"column":3}},"type":"if","locations":[{"start":{"line":223,"column":2},"end":{"line":225,"column":3}},{"start":{},"end":{}}],"line":223}},"s":{"0":0,"1":0,"2":0,"3":0,"4":0,"5":0,"6":0},"f":{"0":0},"b":{"0":[0,0]}}
}
